*** Using Compiler 'V5.06 update 7 (build 960)', folder: 'D:\Keil5\ARM\ARMCC\Bin'
Rebuild target 'project'
compiling misc.c...
compiling stm32f10x_dac.c...
compiling stm32f10x_crc.c...
compiling stm32f10x_can.c...
compiling stm32f10x_cec.c...
compiling stm32f10x_flash.c...
compiling stm32f10x_exti.c...
compiling stm32f10x_dma.c...
compiling stm32f10x_dbgmcu.c...
compiling stm32f10x_bkp.c...
compiling stm32f10x_adc.c...
compiling stm32f10x_gpio.c...
compiling stm32f10x_iwdg.c...
compiling stm32f10x_fsmc.c...
compiling stm32f10x_pwr.c...
compiling stm32f10x_i2c.c...
compiling stm32f10x_rtc.c...
compiling stm32f10x_rcc.c...
compiling stm32f10x_sdio.c...
assembling startup_stm32f10x_hd.s...
compiling deca_params_init.c...
compiling core_cm3.c...
compiling stm32f10x_spi.c...
compiling deca_range_tables.c...
compiling stm32f10x_wwdg.c...
compiling stm32f10x_usart.c...
compiling system_stm32f10x.c...
compiling UART.c...
..\sys\UART.c(88): warning:  #550-D: variable "a"  was set but never used
  	uint8_t a;
..\sys\UART.c: 1 warning, 0 errors
compiling delay.c...
compiling deca_mutex.c...
compiling deca_device.c...
..\decadriver\deca_device.c(1650): warning:  #68-D: integer conversion resulted in a change of sign
          return DWT_ERROR;
..\decadriver\deca_device.c: 1 warning, 0 errors
compiling stm32f10x_tim.c...
compiling sys.c...
compiling deca_sleep.c...
compiling deca_spi.c...
..\decaplatform\deca_spi.c(56): warning:  #161-D: unrecognized #pragma
  #pragma GCC optimize ("O3")
..\decaplatform\deca_spi.c(101): warning:  #161-D: unrecognized #pragma
  #pragma GCC optimize ("O3")
..\decaplatform\deca_spi.c: 2 warnings, 0 errors
compiling stm32f10x_it.c...
compiling port.c...
compiling main.c...
main.c(247): warning:  #223-D: function "sprintf" declared implicitly
  						sprintf(dist_str, "DIST: %3.2f m\n", distance);
main.c(248): warning:  #167-D: argument of type "char *" is incompatible with parameter of type "uint8_t *"
  						UART_SendStr(USART1,dist_str);
main.c(310): warning:  #1-D: last line of file ends without a newline
  }
main.c: 3 warnings, 0 errors
linking...
Program Size: Code=12674 RO-data=690 RW-data=160 ZI-data=1728  
FromELF: creating hex file...
"..\OBJ\project.axf" - 0 Error(s), 7 Warning(s).
Build Time Elapsed:  00:00:02
